<?xml version="1.0" encoding="UTF-8"?>
<testng-results skipped="0" failed="0" total="1" passed="1">
  <reporter-output>
  </reporter-output>
  <suite name="Command line suite" duration-ms="16" started-at="2016-03-20T11:34:40Z" finished-at="2016-03-20T11:34:40Z">
    <groups>
    </groups>
    <test name="Command line test" duration-ms="16" started-at="2016-03-20T11:34:40Z" finished-at="2016-03-20T11:34:40Z">
      <class name="rs.ac.uns.testdevelopment.ssluzba.AppTest">
        <test-method status="PASS" signature="testApp()" name="testApp" duration-ms="4" started-at="2016-03-20T11:34:40Z" finished-at="2016-03-20T11:34:40Z">
        </test-method>
      </class>
    </test>
  </suite>
</testng-results>
